<?xml version="1.0" encoding="UTF-8"?>
<!-- Generated by org.testng.reporters.JUnitReportReporter -->
<testsuite hostname="HP_WhitePearl" name="RestAssured.basic" tests="1" failures="0" timestamp="13 Aug 2019 19:48:49 GMT" time="7.273" errors="0">
  <testcase name="Test1" time="7.273" classname="RestAssured.basic"/>
</testsuite> <!-- RestAssured.basic -->
