<?xml version="1.0" encoding="UTF-8"?>
<!-- Generated by org.testng.reporters.JUnitReportReporter -->
<testsuite hostname="HP_WhitePearl" name="RestAssured.basic2" tests="1" failures="0" timestamp="13 Aug 2019 19:48:49 GMT" time="0.266" errors="0">
  <testcase name="test" time="0.266" classname="RestAssured.basic2"/>
</testsuite> <!-- RestAssured.basic2 -->
