<?xml version="1.0" encoding="UTF-8"?>
<!-- Generated by org.testng.reporters.JUnitReportReporter -->
<testsuite hostname="HP_WhitePearl" name="RestAssured.basic4" tests="1" failures="0" timestamp="13 Aug 2019 19:48:48 GMT" time="0.282" errors="0">
  <testcase name="test" time="0.282" classname="RestAssured.basic4"/>
</testsuite> <!-- RestAssured.basic4 -->
