<?xml version="1.0" encoding="UTF-8"?>
<!-- Generated by org.testng.reporters.JUnitReportReporter -->
<testsuite hostname="HP_WhitePearl" name="RestAssured.basic3" tests="1" failures="0" timestamp="13 Aug 2019 19:48:48 GMT" time="0.390" errors="0">
  <testcase name="AddandDeletePlace" time="0.390" classname="RestAssured.basic3"/>
</testsuite> <!-- RestAssured.basic3 -->
