<?xml version="1.0" encoding="UTF-8"?>
<testsuite xmlns:xsi="http://www.w3.org/2001/XMLSchema-instance" xsi:schemaLocation="https://maven.apache.org/surefire/maven-surefire-plugin/xsd/surefire-test-report.xsd" name="TestSuite" time="21.642" tests="17" errors="0" skipped="0" failures="10">
  <properties>
    <property name="java.runtime.name" value="Java(TM) SE Runtime Environment"/>
    <property name="sun.boot.library.path" value="C:\Program Files\Java\jdk1.8.0_201\jre\bin"/>
    <property name="java.vm.version" value="25.201-b09"/>
    <property name="java.vm.vendor" value="Oracle Corporation"/>
    <property name="maven.multiModuleProjectDirectory" value="C:\Work\DemoJavaRestAssuredProject"/>
    <property name="java.vendor.url" value="http://java.oracle.com/"/>
    <property name="path.separator" value=";"/>
    <property name="guice.disable.misplaced.annotation.check" value="true"/>
    <property name="java.vm.name" value="Java HotSpot(TM) 64-Bit Server VM"/>
    <property name="file.encoding.pkg" value="sun.io"/>
    <property name="user.script" value=""/>
    <property name="user.country" value="IN"/>
    <property name="sun.java.launcher" value="SUN_STANDARD"/>
    <property name="sun.os.patch.level" value=""/>
    <property name="java.vm.specification.name" value="Java Virtual Machine Specification"/>
    <property name="user.dir" value="C:\Work\DemoJavaRestAssuredProject"/>
    <property name="java.runtime.version" value="1.8.0_201-b09"/>
    <property name="java.awt.graphicsenv" value="sun.awt.Win32GraphicsEnvironment"/>
    <property name="basedir" value="C:\Work\DemoJavaRestAssuredProject"/>
    <property name="java.endorsed.dirs" value="C:\Program Files\Java\jdk1.8.0_201\jre\lib\endorsed"/>
    <property name="os.arch" value="amd64"/>
    <property name="java.io.tmpdir" value="C:\Users\RK_PRA~1\AppData\Local\Temp\"/>
    <property name="line.separator" value="&#10;"/>
    <property name="java.vm.specification.vendor" value="Oracle Corporation"/>
    <property name="user.variant" value=""/>
    <property name="os.name" value="Windows 8.1"/>
    <property name="classworlds.conf" value="C:\Work\apache-maven-3.6.1\bin\..\bin\m2.conf"/>
    <property name="sun.jnu.encoding" value="Cp1252"/>
    <property name="java.library.path" value="C:\Program Files\Java\jdk1.8.0_201\bin;C:\WINDOWS\Sun\Java\bin;C:\WINDOWS\system32;C:\WINDOWS;C:\Program Files\Python37\Scripts\;C:\Program Files\Python37\;C:\Program Files (x86)\PC Connectivity Solution\;C:\Program Files (x86)\Intel\iCLS Client\;C:\Program Files\Intel\iCLS Client\;C:\WINDOWS\system32;C:\WINDOWS;C:\WINDOWS\System32\Wbem;C:\WINDOWS\System32\WindowsPowerShell\v1.0\;C:\Program Files (x86)\Windows Live\Shared;C:\Program Files (x86)\Intel\OpenCL SDK\2.0\bin\x86;C:\Program Files (x86)\Intel\OpenCL SDK\2.0\bin\x64;C:\Program Files\Intel\Intel(R) Management Engine Components\DAL;C:\Program Files\Intel\Intel(R) Management Engine Components\IPT;C:\Program Files (x86)\Intel\Intel(R) Management Engine Components\DAL;C:\Program Files (x86)\Intel\Intel(R) Management Engine Components\IPT;C:\Program Files\Java\jdk1.8.0_201\bin;C:\Program Files\Microsoft SQL Server\120\Tools\Binn;C:\Work\apache-maven-3.6.1\bin;C:\Program Files\nodejs\;C:\Users\RK_pradeeep12081994\Downloads\platform-tools;C:\Users\RK_pradeeep12081994\AppData\Local\Programs\Python\Python37-32\Scripts\;C:\Users\RK_pradeeep12081994\AppData\Local\Programs\Python\Python37-32\;C:\Users\RK_pradeeep12081994\AppData\Roaming\npm;."/>
    <property name="surefire.test.class.path" value="C:\Work\DemoJavaRestAssuredProject\target\test-classes;C:\Work\DemoJavaRestAssuredProject\target\classes;C:\Users\RK_pradeeep12081994\.m2\repository\org\seleniumhq\selenium\selenium-java\3.14.0\selenium-java-3.14.0.jar;C:\Users\RK_pradeeep12081994\.m2\repository\org\seleniumhq\selenium\selenium-api\3.14.0\selenium-api-3.14.0.jar;C:\Users\RK_pradeeep12081994\.m2\repository\org\seleniumhq\selenium\selenium-chrome-driver\3.14.0\selenium-chrome-driver-3.14.0.jar;C:\Users\RK_pradeeep12081994\.m2\repository\org\seleniumhq\selenium\selenium-edge-driver\3.14.0\selenium-edge-driver-3.14.0.jar;C:\Users\RK_pradeeep12081994\.m2\repository\org\seleniumhq\selenium\selenium-firefox-driver\3.14.0\selenium-firefox-driver-3.14.0.jar;C:\Users\RK_pradeeep12081994\.m2\repository\org\seleniumhq\selenium\selenium-ie-driver\3.14.0\selenium-ie-driver-3.14.0.jar;C:\Users\RK_pradeeep12081994\.m2\repository\org\seleniumhq\selenium\selenium-opera-driver\3.14.0\selenium-opera-driver-3.14.0.jar;C:\Users\RK_pradeeep12081994\.m2\repository\org\seleniumhq\selenium\selenium-remote-driver\3.14.0\selenium-remote-driver-3.14.0.jar;C:\Users\RK_pradeeep12081994\.m2\repository\org\seleniumhq\selenium\selenium-safari-driver\3.14.0\selenium-safari-driver-3.14.0.jar;C:\Users\RK_pradeeep12081994\.m2\repository\org\seleniumhq\selenium\selenium-support\3.14.0\selenium-support-3.14.0.jar;C:\Users\RK_pradeeep12081994\.m2\repository\net\bytebuddy\byte-buddy\1.8.15\byte-buddy-1.8.15.jar;C:\Users\RK_pradeeep12081994\.m2\repository\org\apache\commons\commons-exec\1.3\commons-exec-1.3.jar;C:\Users\RK_pradeeep12081994\.m2\repository\commons-codec\commons-codec\1.10\commons-codec-1.10.jar;C:\Users\RK_pradeeep12081994\.m2\repository\commons-logging\commons-logging\1.2\commons-logging-1.2.jar;C:\Users\RK_pradeeep12081994\.m2\repository\com\google\guava\guava\25.0-jre\guava-25.0-jre.jar;C:\Users\RK_pradeeep12081994\.m2\repository\com\google\code\findbugs\jsr305\1.3.9\jsr305-1.3.9.jar;C:\Users\RK_pradeeep12081994\.m2\repository\org\checkerframework\checker-compat-qual\2.0.0\checker-compat-qual-2.0.0.jar;C:\Users\RK_pradeeep12081994\.m2\repository\com\google\errorprone\error_prone_annotations\2.1.3\error_prone_annotations-2.1.3.jar;C:\Users\RK_pradeeep12081994\.m2\repository\com\google\j2objc\j2objc-annotations\1.1\j2objc-annotations-1.1.jar;C:\Users\RK_pradeeep12081994\.m2\repository\org\codehaus\mojo\animal-sniffer-annotations\1.14\animal-sniffer-annotations-1.14.jar;C:\Users\RK_pradeeep12081994\.m2\repository\org\apache\httpcomponents\httpclient\4.5.5\httpclient-4.5.5.jar;C:\Users\RK_pradeeep12081994\.m2\repository\org\apache\httpcomponents\httpcore\4.4.9\httpcore-4.4.9.jar;C:\Users\RK_pradeeep12081994\.m2\repository\com\squareup\okhttp3\okhttp\3.10.0\okhttp-3.10.0.jar;C:\Users\RK_pradeeep12081994\.m2\repository\com\squareup\okio\okio\1.14.1\okio-1.14.1.jar;C:\Users\RK_pradeeep12081994\.m2\repository\junit\junit\3.8.1\junit-3.8.1.jar;C:\Users\RK_pradeeep12081994\.m2\repository\org\testng\testng\6.9.8\testng-6.9.8.jar;C:\Users\RK_pradeeep12081994\.m2\repository\org\beanshell\bsh\2.0b4\bsh-2.0b4.jar;C:\Users\RK_pradeeep12081994\.m2\repository\com\beust\jcommander\1.48\jcommander-1.48.jar;C:\Users\RK_pradeeep12081994\.m2\repository\io\rest-assured\rest-assured\4.0.0\rest-assured-4.0.0.jar;C:\Users\RK_pradeeep12081994\.m2\repository\org\codehaus\groovy\groovy\2.5.6\groovy-2.5.6.jar;C:\Users\RK_pradeeep12081994\.m2\repository\org\codehaus\groovy\groovy-xml\2.5.6\groovy-xml-2.5.6.jar;C:\Users\RK_pradeeep12081994\.m2\repository\org\apache\httpcomponents\httpmime\4.5.3\httpmime-4.5.3.jar;C:\Users\RK_pradeeep12081994\.m2\repository\org\hamcrest\hamcrest-core\2.1\hamcrest-core-2.1.jar;C:\Users\RK_pradeeep12081994\.m2\repository\org\hamcrest\hamcrest\2.1\hamcrest-2.1.jar;C:\Users\RK_pradeeep12081994\.m2\repository\org\hamcrest\hamcrest-library\2.1\hamcrest-library-2.1.jar;C:\Users\RK_pradeeep12081994\.m2\repository\org\ccil\cowan\tagsoup\tagsoup\1.2.1\tagsoup-1.2.1.jar;C:\Users\RK_pradeeep12081994\.m2\repository\io\rest-assured\json-path\4.0.0\json-path-4.0.0.jar;C:\Users\RK_pradeeep12081994\.m2\repository\org\codehaus\groovy\groovy-json\2.5.6\groovy-json-2.5.6.jar;C:\Users\RK_pradeeep12081994\.m2\repository\io\rest-assured\rest-assured-common\4.0.0\rest-assured-common-4.0.0.jar;C:\Users\RK_pradeeep12081994\.m2\repository\io\rest-assured\xml-path\4.0.0\xml-path-4.0.0.jar;C:\Users\RK_pradeeep12081994\.m2\repository\org\apache\commons\commons-lang3\3.4\commons-lang3-3.4.jar;C:\Users\RK_pradeeep12081994\.m2\repository\javax\xml\bind\jaxb-api\2.2.12\jaxb-api-2.2.12.jar;C:\Users\RK_pradeeep12081994\.m2\repository\com\sun\xml\bind\jaxb-osgi\2.2.10\jaxb-osgi-2.2.10.jar;C:\Users\RK_pradeeep12081994\.m2\repository\org\apache\sling\org.apache.sling.javax.activation\0.1.0\org.apache.sling.javax.activation-0.1.0.jar;C:\Users\RK_pradeeep12081994\.m2\repository\javax\activation\activation\1.1.1\activation-1.1.1.jar;C:\Users\RK_pradeeep12081994\.m2\repository\io\rest-assured\json-schema-validator\4.0.0\json-schema-validator-4.0.0.jar;C:\Users\RK_pradeeep12081994\.m2\repository\com\github\java-json-tools\json-schema-validator\2.2.10\json-schema-validator-2.2.10.jar;C:\Users\RK_pradeeep12081994\.m2\repository\com\github\java-json-tools\json-schema-core\1.2.10\json-schema-core-1.2.10.jar;C:\Users\RK_pradeeep12081994\.m2\repository\com\github\java-json-tools\jackson-coreutils\1.9\jackson-coreutils-1.9.jar;C:\Users\RK_pradeeep12081994\.m2\repository\com\fasterxml\jackson\core\jackson-databind\2.2.3\jackson-databind-2.2.3.jar;C:\Users\RK_pradeeep12081994\.m2\repository\com\fasterxml\jackson\core\jackson-annotations\2.2.3\jackson-annotations-2.2.3.jar;C:\Users\RK_pradeeep12081994\.m2\repository\com\fasterxml\jackson\core\jackson-core\2.2.3\jackson-core-2.2.3.jar;C:\Users\RK_pradeeep12081994\.m2\repository\com\github\fge\msg-simple\1.1\msg-simple-1.1.jar;C:\Users\RK_pradeeep12081994\.m2\repository\com\github\fge\btf\1.2\btf-1.2.jar;C:\Users\RK_pradeeep12081994\.m2\repository\com\github\fge\uri-template\0.9\uri-template-0.9.jar;C:\Users\RK_pradeeep12081994\.m2\repository\org\mozilla\rhino\1.7.7.1\rhino-1.7.7.1.jar;C:\Users\RK_pradeeep12081994\.m2\repository\javax\mail\mailapi\1.4.3\mailapi-1.4.3.jar;C:\Users\RK_pradeeep12081994\.m2\repository\joda-time\joda-time\2.9.7\joda-time-2.9.7.jar;C:\Users\RK_pradeeep12081994\.m2\repository\com\googlecode\libphonenumber\libphonenumber\8.0.0\libphonenumber-8.0.0.jar;C:\Users\RK_pradeeep12081994\.m2\repository\net\sf\jopt-simple\jopt-simple\5.0.3\jopt-simple-5.0.3.jar;C:\Users\RK_pradeeep12081994\.m2\repository\io\appium\java-client\7.0.0\java-client-7.0.0.jar;C:\Users\RK_pradeeep12081994\.m2\repository\com\google\code\gson\gson\2.8.5\gson-2.8.5.jar;C:\Users\RK_pradeeep12081994\.m2\repository\cglib\cglib\3.2.8\cglib-3.2.8.jar;C:\Users\RK_pradeeep12081994\.m2\repository\org\ow2\asm\asm\6.2.1\asm-6.2.1.jar;C:\Users\RK_pradeeep12081994\.m2\repository\org\apache\ant\ant\1.10.3\ant-1.10.3.jar;C:\Users\RK_pradeeep12081994\.m2\repository\org\apache\ant\ant-launcher\1.10.3\ant-launcher-1.10.3.jar;C:\Users\RK_pradeeep12081994\.m2\repository\commons-validator\commons-validator\1.6\commons-validator-1.6.jar;C:\Users\RK_pradeeep12081994\.m2\repository\commons-beanutils\commons-beanutils\1.9.2\commons-beanutils-1.9.2.jar;C:\Users\RK_pradeeep12081994\.m2\repository\commons-digester\commons-digester\1.8.1\commons-digester-1.8.1.jar;C:\Users\RK_pradeeep12081994\.m2\repository\commons-collections\commons-collections\3.2.2\commons-collections-3.2.2.jar;C:\Users\RK_pradeeep12081994\.m2\repository\commons-io\commons-io\2.6\commons-io-2.6.jar;C:\Users\RK_pradeeep12081994\.m2\repository\org\springframework\spring-context\5.1.0.RELEASE\spring-context-5.1.0.RELEASE.jar;C:\Users\RK_pradeeep12081994\.m2\repository\org\springframework\spring-aop\5.1.0.RELEASE\spring-aop-5.1.0.RELEASE.jar;C:\Users\RK_pradeeep12081994\.m2\repository\org\springframework\spring-beans\5.1.0.RELEASE\spring-beans-5.1.0.RELEASE.jar;C:\Users\RK_pradeeep12081994\.m2\repository\org\springframework\spring-core\5.1.0.RELEASE\spring-core-5.1.0.RELEASE.jar;C:\Users\RK_pradeeep12081994\.m2\repository\org\springframework\spring-jcl\5.1.0.RELEASE\spring-jcl-5.1.0.RELEASE.jar;C:\Users\RK_pradeeep12081994\.m2\repository\org\springframework\spring-expression\5.1.0.RELEASE\spring-expression-5.1.0.RELEASE.jar;C:\Users\RK_pradeeep12081994\.m2\repository\org\aspectj\aspectjweaver\1.9.1\aspectjweaver-1.9.1.jar;C:\Users\RK_pradeeep12081994\.m2\repository\org\slf4j\slf4j-api\1.7.25\slf4j-api-1.7.25.jar;C:\Users\RK_pradeeep12081994\.m2\repository\org\apache\logging\log4j\log4j-api\2.9.1\log4j-api-2.9.1.jar;C:\Users\RK_pradeeep12081994\.m2\repository\org\apache\logging\log4j\log4j-core\2.9.1\log4j-core-2.9.1.jar;C:\Users\RK_pradeeep12081994\.m2\repository\com\aventstack\extentreports\3.1.5\extentreports-3.1.5.jar;C:\Users\RK_pradeeep12081994\.m2\repository\org\freemarker\freemarker\2.3.23\freemarker-2.3.23.jar;C:\Users\RK_pradeeep12081994\.m2\repository\org\mongodb\mongodb-driver\3.3.0\mongodb-driver-3.3.0.jar;C:\Users\RK_pradeeep12081994\.m2\repository\org\mongodb\bson\3.3.0\bson-3.3.0.jar;C:\Users\RK_pradeeep12081994\.m2\repository\org\mongodb\mongodb-driver-core\3.3.0\mongodb-driver-core-3.3.0.jar;C:\Users\RK_pradeeep12081994\.m2\repository\org\jsoup\jsoup\1.9.2\jsoup-1.9.2.jar;C:\Users\RK_pradeeep12081994\.m2\repository\com\relevantcodes\extentreports\2.41.2\extentreports-2.41.2.jar;C:\Users\RK_pradeeep12081994\.m2\repository\org\xerial\sqlite-jdbc\3.8.11.1\sqlite-jdbc-3.8.11.1.jar;C:\Users\RK_pradeeep12081994\.m2\repository\org\apache\maven\surefire\surefire-testng-utils\2.19.1\surefire-testng-utils-2.19.1.jar;C:\Users\RK_pradeeep12081994\.m2\repository\org\apache\maven\surefire\surefire-grouper\2.19.1\surefire-grouper-2.19.1.jar;"/>
    <property name="maven.conf" value="C:\Work\apache-maven-3.6.1\bin\../conf"/>
    <property name="java.specification.name" value="Java Platform API Specification"/>
    <property name="java.class.version" value="52.0"/>
    <property name="sun.management.compiler" value="HotSpot 64-Bit Tiered Compilers"/>
    <property name="os.version" value="6.3"/>
    <property name="library.jansi.path" value="C:\Work\apache-maven-3.6.1\bin\..\lib\jansi-native"/>
    <property name="user.home" value="C:\Users\RK_pradeeep12081994"/>
    <property name="user.timezone" value="Asia/Calcutta"/>
    <property name="java.awt.printerjob" value="sun.awt.windows.WPrinterJob"/>
    <property name="java.specification.version" value="1.8"/>
    <property name="file.encoding" value="Cp1252"/>
    <property name="user.name" value="RK_pradeeep12081994"/>
    <property name="java.class.path" value="C:\Work\apache-maven-3.6.1\bin\..\boot\plexus-classworlds-2.6.0.jar"/>
    <property name="java.vm.specification.version" value="1.8"/>
    <property name="sun.arch.data.model" value="64"/>
    <property name="java.home" value="C:\Program Files\Java\jdk1.8.0_201\jre"/>
    <property name="sun.java.command" value="org.codehaus.plexus.classworlds.launcher.Launcher install"/>
    <property name="java.specification.vendor" value="Oracle Corporation"/>
    <property name="user.language" value="en"/>
    <property name="awt.toolkit" value="sun.awt.windows.WToolkit"/>
    <property name="java.vm.info" value="mixed mode"/>
    <property name="java.version" value="1.8.0_201"/>
    <property name="java.ext.dirs" value="C:\Program Files\Java\jdk1.8.0_201\jre\lib\ext;C:\WINDOWS\Sun\Java\lib\ext"/>
    <property name="sun.boot.class.path" value="C:\Program Files\Java\jdk1.8.0_201\jre\lib\resources.jar;C:\Program Files\Java\jdk1.8.0_201\jre\lib\rt.jar;C:\Program Files\Java\jdk1.8.0_201\jre\lib\sunrsasign.jar;C:\Program Files\Java\jdk1.8.0_201\jre\lib\jsse.jar;C:\Program Files\Java\jdk1.8.0_201\jre\lib\jce.jar;C:\Program Files\Java\jdk1.8.0_201\jre\lib\charsets.jar;C:\Program Files\Java\jdk1.8.0_201\jre\lib\jfr.jar;C:\Program Files\Java\jdk1.8.0_201\jre\classes"/>
    <property name="sun.stderr.encoding" value="cp437"/>
    <property name="java.vendor" value="Oracle Corporation"/>
    <property name="maven.home" value="C:\Work\apache-maven-3.6.1\bin\.."/>
    <property name="localRepository" value="C:\Users\RK_pradeeep12081994\.m2\repository"/>
    <property name="file.separator" value="\"/>
    <property name="java.vendor.url.bug" value="http://bugreport.sun.com/bugreport/"/>
    <property name="sun.cpu.endian" value="little"/>
    <property name="sun.io.unicode.encoding" value="UnicodeLittle"/>
    <property name="sun.stdout.encoding" value="cp437"/>
    <property name="sun.desktop" value="windows"/>
    <property name="sun.cpu.isalist" value="amd64"/>
  </properties>
  <testcase name="Test1" classname="RestAssured.basic" time="7.288"/>
  <testcase name="test" classname="RestAssured.basic2" time="0.266"/>
  <testcase name="AddandDeletePlace" classname="RestAssured.basic3" time="0.39"/>
  <testcase name="test" classname="RestAssured.basic4" time="0.282"/>
  <testcase name="Test1" classname="RestAssured.basic5" time="0.531">
    <failure message="1 expectation failed.&#10;JSON path results[0].name doesn&apos;t match.&#10;Expected: Sydney&#10;  Actual: null&#10;" type="java.lang.AssertionError">java.lang.AssertionError: 
1 expectation failed.
JSON path results[0].name doesn't match.
Expected: Sydney
  Actual: null

	at RestAssured.basic5.Test1(basic5.java:33)
</failure>
    <system-out><![CDATA[Request method:	GET
Request URI:	https://maps.googleapis.com/maps/api/place/nearbysearch/json?location=-33.8670522%2C151.1957362&radius=1500&key=AIzaSyA4GmsmCbwnrJN7HWqIvfTEgij6rgBiC1Q
Proxy:			<none>
Request params:	location=-33.8670522,151.1957362
				radius=1500
				key=AIzaSyA4GmsmCbwnrJN7HWqIvfTEgij6rgBiC1Q
Query params:	<none>
Form params:	<none>
Path params:	<none>
Headers:		Accept=*/*
Cookies:		<none>
Multiparts:		<none>
Body:			<none>
]]></system-out>
  </testcase>
  <testcase name="test" classname="RestAssured.basic6" time="0.125">
    <failure message="1 expectation failed.&#10;Expected status code &lt;200&gt; but was &lt;404&gt;.&#10;" type="java.lang.AssertionError"><![CDATA[java.lang.AssertionError: 
1 expectation failed.
Expected status code <200> but was <404>.

	at RestAssured.basic6.test(basic6.java:42)
]]></failure>
  </testcase>
  <testcase name="addBookData" classname="RestAssured.excelDriven" time="0.274"/>
  <testcase name="addBookData" classname="RestAssured.excelDriven" time="0.172"/>
  <testcase name="addBookData" classname="RestAssured.excelDriven" time="1.809"/>
  <testcase name="deleteBookData" classname="RestAssured.excelDriven" time="0.233">
    <failure message="1 expectation failed.&#10;Expected status code &lt;200&gt; but was &lt;404&gt;.&#10;" type="java.lang.AssertionError"><![CDATA[java.lang.AssertionError: 
1 expectation failed.
Expected status code <200> but was <404>.

	at RestAssured.excelDriven.deleteBookData(excelDriven.java:55)
]]></failure>
    <system-out><![CDATA[{
    "msg": "Delete Book operation failed, looks like the book doesnt exists"
}
]]></system-out>
  </testcase>
  <testcase name="deleteBookData" classname="RestAssured.excelDriven" time="0.098">
    <failure message="1 expectation failed.&#10;Expected status code &lt;200&gt; but was &lt;404&gt;.&#10;" type="java.lang.AssertionError"><![CDATA[java.lang.AssertionError: 
1 expectation failed.
Expected status code <200> but was <404>.

	at RestAssured.excelDriven.deleteBookData(excelDriven.java:55)
]]></failure>
    <system-out><![CDATA[{
    "msg": "Delete Book operation failed, looks like the book doesnt exists"
}
]]></system-out>
  </testcase>
  <testcase name="deleteBookData" classname="RestAssured.excelDriven" time="0.094">
    <failure message="1 expectation failed.&#10;Expected status code &lt;200&gt; but was &lt;404&gt;.&#10;" type="java.lang.AssertionError"><![CDATA[java.lang.AssertionError: 
1 expectation failed.
Expected status code <200> but was <404>.

	at RestAssured.excelDriven.deleteBookData(excelDriven.java:55)
]]></failure>
    <system-out><![CDATA[{
    "msg": "Delete Book operation failed, looks like the book doesnt exists"
}
]]></system-out>
  </testcase>
  <testcase name="addCommentForIssueInJira" classname="RestAssured.JiraTestBasic1" time="2.037">
    <failure message="Connection refused: connect" type="java.net.ConnectException">java.net.ConnectException: Connection refused: connect
	at RestAssured.JiraTestBasic1.addCommentForIssueInJira(JiraTestBasic1.java:64)
</failure>
  </testcase>
  <testcase name="createAnIssueInJira" classname="RestAssured.JiraTestBasic1" time="2.031">
    <failure message="Connection refused: connect" type="java.net.ConnectException">java.net.ConnectException: Connection refused: connect
	at RestAssured.JiraTestBasic1.createAnIssueInJira(JiraTestBasic1.java:40)
</failure>
  </testcase>
  <testcase name="updateCommentForIssueInJira" classname="RestAssured.JiraTestBasic1" time="2.049">
    <failure message="Connection refused: connect" type="java.net.ConnectException">java.net.ConnectException: Connection refused: connect
	at RestAssured.JiraTestBasic1.updateCommentForIssueInJira(JiraTestBasic1.java:84)
</failure>
  </testcase>
  <testcase name="deleteTweet" classname="RestAssured.Twitter" time="0.047">
    <failure message="com/github/scribejava/core/model/Token" type="java.lang.NoClassDefFoundError">java.lang.NoClassDefFoundError: com/github/scribejava/core/model/Token
	at RestAssured.Twitter.postNewTweet(Twitter.java:56)
	at RestAssured.Twitter.deleteTweet(Twitter.java:69)
Caused by: java.lang.ClassNotFoundException: com.github.scribejava.core.model.Token
	at RestAssured.Twitter.postNewTweet(Twitter.java:56)
	at RestAssured.Twitter.deleteTweet(Twitter.java:69)
</failure>
  </testcase>
  <testcase name="getLatestTweet" classname="RestAssured.Twitter" time="0.015">
    <failure message="com/github/scribejava/core/model/Token" type="java.lang.NoClassDefFoundError">java.lang.NoClassDefFoundError: com/github/scribejava/core/model/Token
	at RestAssured.Twitter.getLatestTweet(Twitter.java:39)
Caused by: java.lang.ClassNotFoundException: com.github.scribejava.core.model.Token
	at RestAssured.Twitter.getLatestTweet(Twitter.java:39)
</failure>
  </testcase>
</testsuite>