<?xml version="1.0" encoding="UTF-8"?>
<!-- Generated by org.testng.reporters.JUnitReportReporter -->
<testsuite hostname="HP_WhitePearl" name="RestAssured.basic3" tests="1" failures="0" timestamp="12 Aug 2019 11:24:15 GMT" time="5.891" errors="0">
  <testcase name="AddandDeletePlace" time="5.891" classname="RestAssured.basic3"/>
</testsuite> <!-- RestAssured.basic3 -->
